<?xml version="1.0" encoding="UTF-8"?>
<testng-results skipped="0" failed="0" ignored="0" total="1" passed="1">
  <reporter-output>
  </reporter-output>
  <suite name="Default suite" duration-ms="14761" started-at="2020-05-28T08:47:57 IST" finished-at="2020-05-28T08:48:12 IST">
    <groups>
    </groups>
    <test name="Default test" duration-ms="14761" started-at="2020-05-28T08:47:57 IST" finished-at="2020-05-28T08:48:12 IST">
      <class name="WebtableMethod">
        <test-method status="PASS" signature="WebTableAdd()[pri:0, instance:WebtableMethod@56235b8e]" name="WebTableAdd" duration-ms="14723" started-at="2020-05-28T08:47:57 IST" finished-at="2020-05-28T08:48:12 IST">
          <reporter-output>
          </reporter-output>
        </test-method> <!-- WebTableAdd -->
      </class> <!-- WebtableMethod -->
    </test> <!-- Default test -->
  </suite> <!-- Default suite -->
</testng-results>
